<?xml version="1.0" encoding="UTF-8" ?>
<testsuite errors="8" failures="1" hostname="FELIX-PC" name="ValidationTest" skipped="0" tests="9" time="0.171" timestamp="2020-08-16T20:45:34">
  <properties>
[...]
</properties>
  <testcase classname="ValidationTest" name="questionOneCancelledFlights" time="0.01">
    <error message="Index: 0, Size: 0" type="java.lang.IndexOutOfBoundsException">java.lang.IndexOutOfBoundsException: Index: 0, Size: 0
	at java.util.ArrayList.rangeCheck(ArrayList.java:657)
	at java.util.ArrayList.get(ArrayList.java:433)
	at ValidationTest.questionOneCancelledFlights(ValidationTest.java:46)
</error>
  </testcase>
  <testcase classname="ValidationTest" name="questionFourBusiestAirport" time="0.002">
    <error message="Index: 3, Size: 0" type="java.lang.IndexOutOfBoundsException">java.lang.IndexOutOfBoundsException: Index: 3, Size: 0
	at java.util.ArrayList.rangeCheck(ArrayList.java:657)
	at java.util.ArrayList.get(ArrayList.java:433)
	at ValidationTest.questionFourBusiestAirport(ValidationTest.java:68)
</error>
  </testcase>
  <testcase classname="ValidationTest" name="allQuestionsAnsweredTest" time="0.002">
    <failure message="Check that you are answering all 9 questions! expected:&lt;9&gt; but was:&lt;0&gt;" type="junit.framework.AssertionFailedError">junit.framework.AssertionFailedError: Check that you are answering all 9 questions! expected:&lt;9&gt; but was:&lt;0&gt;
	at ValidationTest.allQuestionsAnsweredTest(ValidationTest.java:41)
</failure>
  </testcase>
  <testcase classname="ValidationTest" name="questionSixSink" time="0.001">
    <error message="Index: 5, Size: 0" type="java.lang.IndexOutOfBoundsException">java.lang.IndexOutOfBoundsException: Index: 5, Size: 0
	at java.util.ArrayList.rangeCheck(ArrayList.java:657)
	at java.util.ArrayList.get(ArrayList.java:433)
	at ValidationTest.questionSixSink(ValidationTest.java:80)
</error>
  </testcase>
  <testcase classname="ValidationTest" name="questionThreeFurthestTailNum" time="0.001">
    <error message="Index: 2, Size: 0" type="java.lang.IndexOutOfBoundsException">java.lang.IndexOutOfBoundsException: Index: 2, Size: 0
	at java.util.ArrayList.rangeCheck(ArrayList.java:657)
	at java.util.ArrayList.get(ArrayList.java:433)
	at ValidationTest.questionThreeFurthestTailNum(ValidationTest.java:62)
</error>
  </testcase>
  <testcase classname="ValidationTest" name="questionSevenDelays" time="0.002">
    <error message="Index: 6, Size: 0" type="java.lang.IndexOutOfBoundsException">java.lang.IndexOutOfBoundsException: Index: 6, Size: 0
	at java.util.ArrayList.rangeCheck(ArrayList.java:657)
	at java.util.ArrayList.get(ArrayList.java:433)
	at ValidationTest.questionSevenDelays(ValidationTest.java:86)
</error>
  </testcase>
  <testcase classname="ValidationTest" name="questionEightMadeupDelay" time="0.001">
    <error message="Index: 7, Size: 0" type="java.lang.IndexOutOfBoundsException">java.lang.IndexOutOfBoundsException: Index: 7, Size: 0
	at java.util.ArrayList.rangeCheck(ArrayList.java:657)
	at java.util.ArrayList.get(ArrayList.java:433)
	at ValidationTest.questionEightMadeupDelay(ValidationTest.java:92)
</error>
  </testcase>
  <testcase classname="ValidationTest" name="questionTwoMostCommonCancellation" time="0.003">
    <error message="Index: 1, Size: 0" type="java.lang.IndexOutOfBoundsException">java.lang.IndexOutOfBoundsException: Index: 1, Size: 0
	at java.util.ArrayList.rangeCheck(ArrayList.java:657)
	at java.util.ArrayList.get(ArrayList.java:433)
	at ValidationTest.questionTwoMostCommonCancellation(ValidationTest.java:56)
</error>
  </testcase>
  <testcase classname="ValidationTest" name="questionFiveSource" time="0.001">
    <error message="Index: 4, Size: 0" type="java.lang.IndexOutOfBoundsException">java.lang.IndexOutOfBoundsException: Index: 4, Size: 0
	at java.util.ArrayList.rangeCheck(ArrayList.java:657)
	at java.util.ArrayList.get(ArrayList.java:433)
	at ValidationTest.questionFiveSource(ValidationTest.java:74)
</error>
  </testcase>
  <system-out><![CDATA[Check that your file is being written properly!
]]></system-out>
  <system-err><![CDATA[java.io.FileNotFoundException: answers.txt (Не удается найти указанный файл)
	at java.io.FileInputStream.open0(Native Method)
	at java.io.FileInputStream.open(FileInputStream.java:195)
	at java.io.FileInputStream.<init>(FileInputStream.java:138)
	at java.util.Scanner.<init>(Scanner.java:611)
	at ValidationTest.setUpBeforeClass(ValidationTest.java:26)
	at sun.reflect.NativeMethodAccessorImpl.invoke0(Native Method)
	at sun.reflect.NativeMethodAccessorImpl.invoke(NativeMethodAccessorImpl.java:62)
	at sun.reflect.DelegatingMethodAccessorImpl.invoke(DelegatingMethodAccessorImpl.java:43)
	at java.lang.reflect.Method.invoke(Method.java:498)
	at org.junit.runners.model.FrameworkMethod$1.runReflectiveCall(FrameworkMethod.java:50)
	at org.junit.internal.runners.model.ReflectiveCallable.run(ReflectiveCallable.java:12)
	at org.junit.runners.model.FrameworkMethod.invokeExplosively(FrameworkMethod.java:47)
	at org.junit.internal.runners.statements.RunBefores.evaluate(RunBefores.java:24)
	at org.junit.runners.ParentRunner.run(ParentRunner.java:363)
	at junit.framework.JUnit4TestAdapter.run(JUnit4TestAdapter.java:38)
	at org.apache.tools.ant.taskdefs.optional.junit.JUnitTestRunner.run(JUnitTestRunner.java:535)
	at org.apache.tools.ant.taskdefs.optional.junit.JUnitTestRunner.launch(JUnitTestRunner.java:1182)
	at org.apache.tools.ant.taskdefs.optional.junit.JUnitTestRunner.main(JUnitTestRunner.java:1033)
]]></system-err>
</testsuite>
